feature-authentication-impl/build/intermediates/manifest_merge_blame_file/debug/manifest-merger-blame-debug-report.txt
1<?xml version="1.0" encoding="utf-8"?>
2<manifest xmlns:android="http://schemas.android.com/apk/res/android"
3    package="com.solopov.feature_authentication_impl" >
4
5    <uses-sdk android:minSdkVersion="21" />
5-->src/main/AndroidManifest.xml
6
7    <uses-permission android:name="android.permission.INTERNET" />
7-->src/main/AndroidManifest.xml:4:5-67
7-->src/main/AndroidManifest.xml:4:22-64
8
9</manifest>